<?xml version="1.0" encoding="UTF-8"?>
<testng-results skipped="0" failed="0" ignored="0" total="1" passed="1">
  <reporter-output>
  </reporter-output>
  <suite name="Default suite" duration-ms="248524" started-at="2018-02-22T09:27:02Z" finished-at="2018-02-22T09:31:10Z">
    <groups>
    </groups>
    <test name="Default test" duration-ms="248524" started-at="2018-02-22T09:27:02Z" finished-at="2018-02-22T09:31:10Z">
      <class name="com.selenium.codechallenge.TheStraitsTimes.WebTest">
        <test-method status="PASS" signature="before()[pri:0, instance:com.selenium.codechallenge.TheStraitsTimes.WebTest@b4cef0]" name="before" is-config="true" duration-ms="12377" started-at="2018-02-22T09:27:02Z" finished-at="2018-02-22T09:27:14Z">
          <reporter-output>
          </reporter-output>
        </test-method> <!-- before -->
        <test-method status="PASS" signature="Web()[pri:0, instance:com.selenium.codechallenge.TheStraitsTimes.WebTest@b4cef0]" name="Web" duration-ms="236100" started-at="2018-02-22T09:27:14Z" finished-at="2018-02-22T09:31:10Z">
          <reporter-output>
          </reporter-output>
        </test-method> <!-- Web -->
      </class> <!-- com.selenium.codechallenge.TheStraitsTimes.WebTest -->
    </test> <!-- Default test -->
  </suite> <!-- Default suite -->
</testng-results>
